<?xml version="1.0" encoding="UTF-8"?>
<!-- Generated by org.testng.reporters.JUnitXMLReporter -->
<testsuite ignored="0" hostname="DESKTOP-FOKO1P1" failures="0" tests="3" name="Test" time="24.727" errors="0" timestamp="2024-06-05T15:30:05 BDT">
  <testcase classname="qa.testcases.TextHeadingBodyFontNameFontSize" name="extractTextAndHeading" time="1.877"/>
  <testcase classname="qa.testcases.PageTextSizeColorTest" name="verifyWebpageTextSizeAndFontName" time="2.43"/>
  <testcase classname="qa.testcases.PageTextSizeColorTest" name="verifyPageColor" time="3.461"/>
</testsuite> <!-- Test -->
