<?xml version="1.0" encoding="UTF-8"?>
<!-- Generated by org.testng.reporters.JUnitXMLReporter -->
<testsuite ignored="0" hostname="DESKTOP-FOKO1P1" failures="0" tests="2" name="Default test" time="11.227" errors="0" timestamp="2024-06-05T15:24:53 BDT">
  <testcase classname="qa.testcases.PageTextSizeAutomation" name="verifyWebpageTextSizeAndFontName" time="2.475"/>
  <testcase classname="qa.testcases.PageTextSizeAutomation" name="verifyPageColor" time="3.471"/>
</testsuite> <!-- Default test -->
